100
5
ddadeaccae
ccdaddddae
ccdaddddce
NO
5
aedaaebeec
aebebdabbc
aebebdaeeb
NO
5
dbbdaedbac
bcedabdaae
bcedabdace
NO
5
ebacbacecc
bdcebbedeb
bdcebecdee
NO
5
deeeabadab
dbeaceaddb
eaeedadccb
YES
abedc
5
acbdacedce
eeababeeeb
eeabeeddcc
NO
5
dbecbdceda
cdeceaebea
ecedcbeeaa
YES
abcde
5
edbedcbeed
daddaaeece
daddacdaeb
NO
5
cddbcaeecb
ccacebaebc
ccbcccbabb
NO
5
ebbebceacb
caebddaeca
caebddaecc
NO
5
ccaacacdca
abbacbeeca
abbbeaeddd
NO
5
daebbabace
cbdadcadac
cbdadceeae
NO
5
beedeebbdb
daeeadebda
dbeeecbdbd
YES
adceb
5
ecbebaaccb
bcdbecbbbc
deccdadebc
YES
abdec
5
dcdedadccd
aadbeedeca
aadecceaad
NO
5
aaecbdcbde
acbcbecbdc
accabaebea
NO
5
cecbaebbec
dadaeebced
dadaeebecc
NO
5
bddddcedde
adabceebca
dccedbdeab
YES
abcde
5
eaaedecbee
dddbebddec
dddbebeebb
NO
5
cbdabdcdab
dbddcbadaa
dbddcbadeb
NO
5
aebbecbedd
adbcaebade
ebbedbbdde
YES
bacde
5
ddbccdaabc
caabdbacbe
caabdbbcaa
NO
5
ddddbcedae
eeeaacbdda
eeeabdbaca
NO
5
bbbdcbdeab
dabadcdbab
dabdcadcba
NO
5
deabeddbbd
bbacacddde
bbeeadbaee
NO
5
ccaeabdbab
cdddadbcba
cecebabbcd
NO
5
bbebedddcb
cabbbaacce
cabbbccdea
NO
5
baccdcddde
ddaeddbdce
ddaeddbeee
NO
5
ecaaeebdab
bbbaeeceec
edaadbdbae
YES
abdec
5
ccaccbdeea
accdeebcde
aedbcebdbb
NO
5
addddbaecd
aeaacdceea
aeaacdceed
NO
5
bbdbabcdae
aabbaaecde
aabbaaeeea
NO
5
eccebcbcee
cbddcacada
cbddcaceed
NO
5
caebdacaac
aeebaececa
aeecbbcede
NO
5
bdcdbecdbd
badeacaebc
badeaceabd
NO
5
dcedeaeecc
bacbddadce
bacbddedeb
NO
5
debdbcebab
eedeaaadaa
eedebdccbe
NO
5
eeddbaceaa
edececbcab
eedaedecda
YES
abdce
5
ddebaceacb
babdeddbae
bebbdacdae
YES
acdbe
5
daddecdade
cadcbcecde
ecdcadaecd
YES
abcde
5
aabdcaacdd
bcbeebeaea
bcbeeccbbb
NO
5
cbddbbdecd
caecdbdbba
caecdbdbbc
NO
5
dddbbbedcc
adadabaead
adaddebeac
NO
5
aaddbeedaa
eacbaceebc
eacbaeaeed
NO
5
dcabbcaebb
ebcdcebaab
eeaecceeee
YES
abced
5
cacaaaedbd
baaadabcce
baaaddceee
NO
5
deeccacbad
bccbeabbae
bccbeabcaa
NO
5
cbbdacedcc
cbacbeeded
cbebebcdee
YES
abcde
5
cadecaddba
dadabeabad
dbccdaeeac
YES
abdec
5
bceebdddab
ebdddddada
edcccdabec
YES
aecbd
5
daecadeeda
eccebbaadd
eccebbedad
NO
5
bbaeccaebd
aecdeedabb
dbedddaecb
YES
abcde
5
acbebcebdb
bdbabaaacc
bdbabaaace
NO
5
cecbdbcedb
becaddbdde
becaddbeaa
NO
5
bdcdcbccab
bdbbaeabbe
bdbbaeebbc
NO
5
bddeeacbca
cdedcadaba
ecbecdcbce
YES
adbce
5
aabdbeebbd
cddcebccad
cddcebccee
NO
5
dddaccccba
aaadcacbce
dabaeadeed
YES
acdbe
5
ddceadddac
aebccaeadc
aebccaeede
NO
5
ecedaebecc
caabcaecaa
caabcaecda
NO
5
caceddddee
bccbeaadcd
bccbeebadb
NO
5
baceaadddd
bbceadcadd
bbceccceda
NO
5
baacabecce
dceababbbe
dcecbababc
NO
5
ccccdeedba
baecbebace
ddbeadabdc
YES
abcde
5
decbbddedc
aecdacbbae
aecdacbbec
NO
5
ddeeeeecdd
bdedabceac
bdeeeeeaea
NO
5
daeaeabbbc
ebcdcbbcbe
ebdabdccbe
NO
5
bdedbacebd
abbbbaabed
abbbdecadc
NO
5
eeeeaebaed
bbbdbdeacc
bbbdcedaca
NO
5
cbbbabcadc
cbedecbbcd
cebbcaacaa
YES
adcbe
5
dddcdebbce
ccebebadba
ccebebeecd
NO
5
bacceaaadc
dbbcabcbbd
dbcaeaaeaa
NO
5
cdcdadbcdd
dbebddacae
ddcbbaeeec
YES
abdce
5
dcbcddccbe
ebecbdeaca
eceedbabee
YES
adceb
5
cdadaedeaa
aacaabedec
ebbaddbece
YES
acbde
5
cecebcadbe
eaadecbadb
eaecacddcb
YES
bceda
5
cccaedcbdb
bbcaddebde
bbcaddeeae
NO
5
bcbadcedba
dccbeacaad
dccbeacaae
NO
5
aaddcdccbe
adbdbaaaab
adbdbadcaa
NO
5
ecbedbeeda
bbcceeedee
bdbaabbcdc
YES
adceb
5
ebbceaaccd
ddcdaabbea
ddcdaebadc
NO
5
ceaeeeeddb
eaeddbebcb
eaeddebeec
NO
5
aaccdcaddc
cdacabaade
cdadedebab
NO
5
eeeeaaaecd
baccacdebc
baccacedcb
NO
5
ccaacbeaec
baddabcbed
baddaddada
NO
5
eebcccdccc
eacbdbdaea
eacdcdeeea
NO
5
cddacacabb
dabedebdbb
dbeedaccab
YES
acdbe
5
ececdcaeeb
dcaaadcdba
dccabdaece
NO
5
dcbbebbaba
bcbcdadbee
bcbecbbdbd
NO
5
addebbabce
cbeadbdaad
ccaeadebba
NO
5
aeccbcceca
cabcddbcac
cabcdeedda
NO
5
dbdebeeaca
ceadabcabc
ceadabcbec
NO
5
aeceacbcac
cddacacebb
cddacacede
NO
5
cacdcdacac
caaaecbebd
caaaecddeb
NO
5
ecebedcebc
ededaaabac
ededaaabad
NO
5
bcbecadaca
cdecebdbea
cdecebdbeb
NO
5
eecdaadddc
dceeabdecb
deccdebbec
YES
abced
5
ceddaccbcc
aebeedbbcb
aebeedbbcd
NO
5
dbdadaccba
cbbbeddbbd
ccecdcbadd
YES
abdce
5
bbbeaaddea
ccebadcaed
ccedbcabba
NO
